

================================================================
== Vitis HLS Report for 'forward_Pipeline_14'
================================================================
* Date:           Tue Jan  4 08:07:31 2022

* Version:        2021.2 (Build 3367213 on Tue Oct 19 02:47:39 MDT 2021)
* Project:        proj
* Solution:       solution1 (Vivado IP Flow Target)
* Product family: artix7
* Target device:  xc7a12ti-csg325-1L


================================================================
== Performance Estimates
================================================================
+ Timing: 
    * Summary: 
    +--------+---------+----------+------------+
    |  Clock |  Target | Estimated| Uncertainty|
    +--------+---------+----------+------------+
    |ap_clk  |  3.33 ns|  3.546 ns|     0.90 ns|
    +--------+---------+----------+------------+

+ Latency: 
    * Summary: 
    +---------+---------+----------+----------+-------+-------+---------+
    |  Latency (cycles) |  Latency (absolute) |    Interval   | Pipeline|
    |   min   |   max   |    min   |    max   |  min  |  max  |   Type  |
    +---------+---------+----------+----------+-------+-------+---------+
    |    80354|    80354|  0.285 ms|  0.285 ms|  80354|  80354|       no|
    +---------+---------+----------+----------+-------+-------+---------+

    + Detail: 
        * Instance: 
        N/A

        * Loop: 
        +----------+---------+---------+----------+-----------+-----------+------+----------+
        |          |  Latency (cycles) | Iteration|  Initiation Interval  | Trip |          |
        | Loop Name|   min   |   max   |  Latency |  achieved |   target  | Count| Pipelined|
        +----------+---------+---------+----------+-----------+-----------+------+----------+
        |- Loop 1  |    80352|    80352|        32|         31|          1|  2592|       yes|
        +----------+---------+---------+----------+-----------+-----------+------+----------+



================================================================
== Utilization Estimates
================================================================
* Summary: 
+-----------------+---------+----+-------+------+-----+
|       Name      | BRAM_18K| DSP|   FF  |  LUT | URAM|
+-----------------+---------+----+-------+------+-----+
|DSP              |        -|   -|      -|     -|    -|
|Expression       |        -|   -|      0|    33|    -|
|FIFO             |        -|   -|      -|     -|    -|
|Instance         |        -|   -|      -|     -|    -|
|Memory           |        -|   -|      -|     -|    -|
|Multiplexer      |        -|   -|      -|   224|    -|
|Register         |        -|   -|     75|     -|    -|
+-----------------+---------+----+-------+------+-----+
|Total            |        0|   0|     75|   257|    0|
+-----------------+---------+----+-------+------+-----+
|Available        |       40|  40|  16000|  8000|    0|
+-----------------+---------+----+-------+------+-----+
|Utilization (%)  |        0|   0|     ~0|     3|    0|
+-----------------+---------+----+-------+------+-----+

+ Detail: 
    * Instance: 
    N/A

    * DSP: 
    N/A

    * Memory: 
    N/A

    * FIFO: 
    N/A

    * Expression: 
    +---------------------------------+----------+----+---+----+------------+------------+
    |          Variable Name          | Operation| DSP| FF| LUT| Bitwidth P0| Bitwidth P1|
    +---------------------------------+----------+----+---+----+------------+------------+
    |indvar_flatten_next381_fu_84_p2  |         +|   0|  0|  19|          12|           1|
    |exitcond_flatten382_fu_78_p2     |      icmp|   0|  0|  12|          12|          12|
    |ap_enable_pp0                    |       xor|   0|  0|   2|           1|           2|
    +---------------------------------+----------+----+---+----+------------+------------+
    |Total                            |          |   0|  0|  33|          25|          15|
    +---------------------------------+----------+----+---+----+------------+------------+

    * Multiplexer: 
    +-----------------------------------------+-----+-----------+-----+-----------+
    |                   Name                  | LUT | Input Size| Bits| Total Bits|
    +-----------------------------------------+-----+-----------+-----+-----------+
    |ap_NS_fsm                                |  148|         32|    1|         32|
    |ap_done_int                              |    9|          2|    1|          2|
    |ap_enable_reg_pp0_iter0                  |    9|          2|    1|          2|
    |ap_enable_reg_pp0_iter0_reg              |    9|          2|    1|          2|
    |ap_enable_reg_pp0_iter1                  |    9|          2|    1|          2|
    |ap_sig_allocacmp_indvar_flatten380_load  |    9|          2|   12|         24|
    |ap_sig_allocacmp_p_load2                 |   13|          3|    8|         24|
    |empty_fu_32                              |    9|          2|    8|         16|
    |indvar_flatten380_fu_36                  |    9|          2|   12|         24|
    +-----------------------------------------+-----+-----------+-----+-----------+
    |Total                                    |  224|         49|   45|        128|
    +-----------------------------------------+-----+-----------+-----+-----------+

    * Register: 
    +--------------------------------+----+----+-----+-----------+
    |              Name              | FF | LUT| Bits| Const Bits|
    +--------------------------------+----+----+-----+-----------+
    |ap_CS_fsm                       |  31|   0|   31|          0|
    |ap_done_reg                     |   1|   0|    1|          0|
    |ap_enable_reg_pp0_iter0_reg     |   1|   0|    1|          0|
    |ap_enable_reg_pp0_iter1         |   1|   0|    1|          0|
    |empty_97_reg_152                |   8|   0|    8|          0|
    |empty_fu_32                     |   8|   0|    8|          0|
    |exitcond_flatten382_reg_138     |   1|   0|    1|          0|
    |indvar_flatten380_fu_36         |  12|   0|   12|          0|
    |indvar_flatten_next381_reg_142  |  12|   0|   12|          0|
    +--------------------------------+----+----+-----+-----------+
    |Total                           |  75|   0|   75|          0|
    +--------------------------------+----+----+-----+-----------+



================================================================
== Interface
================================================================
* Summary: 
+--------------------+-----+-----+------------+---------------------+--------------+
|      RTL Ports     | Dir | Bits|  Protocol  |    Source Object    |    C Type    |
+--------------------+-----+-----+------------+---------------------+--------------+
|ap_clk              |   in|    1|  ap_ctrl_hs|  forward_Pipeline_14|  return value|
|ap_rst              |   in|    1|  ap_ctrl_hs|  forward_Pipeline_14|  return value|
|ap_start            |   in|    1|  ap_ctrl_hs|  forward_Pipeline_14|  return value|
|ap_done             |  out|    1|  ap_ctrl_hs|  forward_Pipeline_14|  return value|
|ap_idle             |  out|    1|  ap_ctrl_hs|  forward_Pipeline_14|  return value|
|ap_ready            |  out|    1|  ap_ctrl_hs|  forward_Pipeline_14|  return value|
|grp_fu_758_p_din0   |  out|   32|  ap_ctrl_hs|  forward_Pipeline_14|  return value|
|grp_fu_758_p_din1   |  out|   32|  ap_ctrl_hs|  forward_Pipeline_14|  return value|
|grp_fu_758_p_dout0  |   in|   32|  ap_ctrl_hs|  forward_Pipeline_14|  return value|
|grp_fu_758_p_ce     |  out|    1|  ap_ctrl_hs|  forward_Pipeline_14|  return value|
|p_reload1122        |   in|    8|     ap_none|         p_reload1122|        scalar|
|arg_3               |  out|    8|      ap_vld|                arg_3|       pointer|
|arg_3_ap_vld        |  out|    1|      ap_vld|                arg_3|       pointer|
|p_out               |  out|    8|      ap_vld|                p_out|       pointer|
|p_out_ap_vld        |  out|    1|      ap_vld|                p_out|       pointer|
+--------------------+-----+-----+------------+---------------------+--------------+

