

================================================================
== Vitis HLS Report for 'forward_Pipeline_35'
================================================================
* Date:           Tue Jan  4 08:07:34 2022

* Version:        2021.2 (Build 3367213 on Tue Oct 19 02:47:39 MDT 2021)
* Project:        proj
* Solution:       solution1 (Vivado IP Flow Target)
* Product family: artix7
* Target device:  xc7a12ti-csg325-1L


================================================================
== Performance Estimates
================================================================
+ Timing: 
    * Summary: 
    +--------+---------+----------+------------+
    |  Clock |  Target | Estimated| Uncertainty|
    +--------+---------+----------+------------+
    |ap_clk  |  3.33 ns|  2.154 ns|     0.90 ns|
    +--------+---------+----------+------------+

+ Latency: 
    * Summary: 
    +---------+---------+-----------+-----------+-------+-------+---------+
    |  Latency (cycles) |   Latency (absolute)  |    Interval   | Pipeline|
    |   min   |   max   |    min    |    max    |  min  |  max  |   Type  |
    +---------+---------+-----------+-----------+-------+-------+---------+
    |    12802|    12802|  42.669 us|  42.669 us|  12802|  12802|       no|
    +---------+---------+-----------+-----------+-------+-------+---------+

    + Detail: 
        * Instance: 
        N/A

        * Loop: 
        +----------+---------+---------+----------+-----------+-----------+-------+----------+
        |          |  Latency (cycles) | Iteration|  Initiation Interval  |  Trip |          |
        | Loop Name|   min   |   max   |  Latency |  achieved |   target  | Count | Pipelined|
        +----------+---------+---------+----------+-----------+-----------+-------+----------+
        |- Loop 1  |    12800|    12800|         2|          1|          1|  12800|       yes|
        +----------+---------+---------+----------+-----------+-----------+-------+----------+



================================================================
== Utilization Estimates
================================================================
* Summary: 
+-----------------+---------+----+-------+------+-----+
|       Name      | BRAM_18K| DSP|   FF  |  LUT | URAM|
+-----------------+---------+----+-------+------+-----+
|DSP              |        -|   -|      -|     -|    -|
|Expression       |        -|   -|      0|    35|    -|
|FIFO             |        -|   -|      -|     -|    -|
|Instance         |        -|   -|      -|     -|    -|
|Memory           |        -|   -|      -|     -|    -|
|Multiplexer      |        -|   -|      -|    40|    -|
|Register         |        -|   -|     31|     -|    -|
+-----------------+---------+----+-------+------+-----+
|Total            |        0|   0|     31|    75|    0|
+-----------------+---------+----+-------+------+-----+
|Available        |       40|  40|  16000|  8000|    0|
+-----------------+---------+----+-------+------+-----+
|Utilization (%)  |        0|   0|     ~0|    ~0|    0|
+-----------------+---------+----+-------+------+-----+

+ Detail: 
    * Instance: 
    N/A

    * DSP: 
    N/A

    * Memory: 
    N/A

    * FIFO: 
    N/A

    * Expression: 
    +---------------------------------+----------+----+---+----+------------+------------+
    |          Variable Name          | Operation| DSP| FF| LUT| Bitwidth P0| Bitwidth P1|
    +---------------------------------+----------+----+---+----+------------+------------+
    |indvar_flatten_next994_fu_52_p2  |         +|   0|  0|  21|          14|           1|
    |exitcond_flatten995_fu_46_p2     |      icmp|   0|  0|  12|          14|          13|
    |ap_enable_pp0                    |       xor|   0|  0|   2|           1|           2|
    +---------------------------------+----------+----+---+----+------------+------------+
    |Total                            |          |   0|  0|  35|          29|          16|
    +---------------------------------+----------+----+---+----+------------+------------+

    * Multiplexer: 
    +-----------------------------------------+----+-----------+-----+-----------+
    |                   Name                  | LUT| Input Size| Bits| Total Bits|
    +-----------------------------------------+----+-----------+-----+-----------+
    |ap_done_int                              |   9|          2|    1|          2|
    |ap_enable_reg_pp0_iter1                  |   9|          2|    1|          2|
    |ap_sig_allocacmp_indvar_flatten993_load  |  13|          3|   14|         42|
    |indvar_flatten993_fu_26                  |   9|          2|   14|         28|
    +-----------------------------------------+----+-----------+-----+-----------+
    |Total                                    |  40|          9|   30|         74|
    +-----------------------------------------+----+-----------+-----+-----------+

    * Register: 
    +-------------------------------+----+----+-----+-----------+
    |              Name             | FF | LUT| Bits| Const Bits|
    +-------------------------------+----+----+-----+-----------+
    |ap_CS_fsm                      |   1|   0|    1|          0|
    |ap_done_reg                    |   1|   0|    1|          0|
    |ap_enable_reg_pp0_iter1        |   1|   0|    1|          0|
    |indvar_flatten993_fu_26        |  14|   0|   14|          0|
    |indvar_flatten_next994_reg_72  |  14|   0|   14|          0|
    +-------------------------------+----+----+-----+-----------+
    |Total                          |  31|   0|   31|          0|
    +-------------------------------+----+----+-----+-----------+



================================================================
== Interface
================================================================
* Summary: 
+--------------+-----+-----+------------+---------------------+--------------+
|   RTL Ports  | Dir | Bits|  Protocol  |    Source Object    |    C Type    |
+--------------+-----+-----+------------+---------------------+--------------+
|ap_clk        |   in|    1|  ap_ctrl_hs|  forward_Pipeline_35|  return value|
|ap_rst        |   in|    1|  ap_ctrl_hs|  forward_Pipeline_35|  return value|
|ap_start      |   in|    1|  ap_ctrl_hs|  forward_Pipeline_35|  return value|
|ap_done       |  out|    1|  ap_ctrl_hs|  forward_Pipeline_35|  return value|
|ap_idle       |  out|    1|  ap_ctrl_hs|  forward_Pipeline_35|  return value|
|ap_ready      |  out|    1|  ap_ctrl_hs|  forward_Pipeline_35|  return value|
|arg_3         |  out|    8|      ap_vld|                arg_3|       pointer|
|arg_3_ap_vld  |  out|    1|      ap_vld|                arg_3|       pointer|
+--------------+-----+-----+------------+---------------------+--------------+

