

================================================================
== Vitis HLS Report for 'forward_Pipeline_28'
================================================================
* Date:           Thu Jan  6 20:40:00 2022

* Version:        2021.2 (Build 3367213 on Tue Oct 19 02:47:39 MDT 2021)
* Project:        proj
* Solution:       solution1 (Vivado IP Flow Target)
* Product family: virtexuplus
* Target device:  xcvu35p-fsvh2104-3-e


================================================================
== Performance Estimates
================================================================
+ Timing: 
    * Summary: 
    +--------+---------+----------+------------+
    |  Clock |  Target | Estimated| Uncertainty|
    +--------+---------+----------+------------+
    |ap_clk  |  1.00 ns|  1.468 ns|     0.27 ns|
    +--------+---------+----------+------------+

+ Latency: 
    * Summary: 
    +---------+---------+----------+----------+--------+--------+---------+
    |  Latency (cycles) |  Latency (absolute) |     Interval    | Pipeline|
    |   min   |   max   |    min   |    max   |   min  |   max  |   Type  |
    +---------+---------+----------+----------+--------+--------+---------+
    |   166402|   166402|  0.244 ms|  0.244 ms|  166402|  166402|       no|
    +---------+---------+----------+----------+--------+--------+---------+

    + Detail: 
        * Instance: 
        N/A

        * Loop: 
        +----------+---------+---------+----------+-----------+-----------+-------+----------+
        |          |  Latency (cycles) | Iteration|  Initiation Interval  |  Trip |          |
        | Loop Name|   min   |   max   |  Latency |  achieved |   target  | Count | Pipelined|
        +----------+---------+---------+----------+-----------+-----------+-------+----------+
        |- Loop 1  |   166400|   166400|        14|         13|          1|  12800|       yes|
        +----------+---------+---------+----------+-----------+-----------+-------+----------+



================================================================
== Utilization Estimates
================================================================
* Summary: 
+---------------------+---------+------+---------+--------+-----+
|         Name        | BRAM_18K|  DSP |    FF   |   LUT  | URAM|
+---------------------+---------+------+---------+--------+-----+
|DSP                  |        -|     -|        -|       -|    -|
|Expression           |        -|     -|        0|      80|    -|
|FIFO                 |        -|     -|        -|       -|    -|
|Instance             |        -|     -|        -|       -|    -|
|Memory               |        -|     -|        -|       -|    -|
|Multiplexer          |        -|     -|        -|     137|    -|
|Register             |        -|     -|      135|       -|    -|
+---------------------+---------+------+---------+--------+-----+
|Total                |        0|     0|      135|     217|    0|
+---------------------+---------+------+---------+--------+-----+
|Available SLR        |     1344|  2976|   871680|  435840|  320|
+---------------------+---------+------+---------+--------+-----+
|Utilization SLR (%)  |        0|     0|       ~0|      ~0|    0|
+---------------------+---------+------+---------+--------+-----+
|Available            |     2688|  5952|  1743360|  871680|  640|
+---------------------+---------+------+---------+--------+-----+
|Utilization (%)      |        0|     0|       ~0|      ~0|    0|
+---------------------+---------+------+---------+--------+-----+

+ Detail: 
    * Instance: 
    N/A

    * DSP: 
    N/A

    * Memory: 
    N/A

    * FIFO: 
    N/A

    * Expression: 
    +----------------------------------+----------+----+---+----+------------+------------+
    |           Variable Name          | Operation| DSP| FF| LUT| Bitwidth P0| Bitwidth P1|
    +----------------------------------+----------+----+---+----+------------+------------+
    |indvar_flatten_next546_fu_100_p2  |         +|   0|  0|  21|          14|           1|
    |val_89537_op_fu_113_p2            |         +|   0|  0|  15|           8|           1|
    |exitcond22525586_fu_119_p2        |      icmp|   0|  0|  11|           8|           7|
    |exitcond_flatten547_fu_94_p2      |      icmp|   0|  0|  12|          14|          13|
    |ifzero_fu_135_p2                  |      icmp|   0|  0|  11|           8|           7|
    |val_914_fu_125_p3                 |    select|   0|  0|   8|           1|           1|
    |ap_enable_pp0                     |       xor|   0|  0|   2|           1|           2|
    +----------------------------------+----------+----+---+----+------------+------------+
    |Total                             |          |   0|  0|  80|          54|          32|
    +----------------------------------+----------+----+---+----+------------+------------+

    * Multiplexer: 
    +----------------------------------+----+-----------+-----+-----------+
    |               Name               | LUT| Input Size| Bits| Total Bits|
    +----------------------------------+----+-----------+-----+-----------+
    |ap_NS_fsm                         |  65|         14|    1|         14|
    |ap_done_int                       |   9|          2|    1|          2|
    |ap_enable_reg_pp0_iter0           |   9|          2|    1|          2|
    |ap_enable_reg_pp0_iter0_reg       |   9|          2|    1|          2|
    |ap_enable_reg_pp0_iter1           |   9|          2|    1|          2|
    |ap_sig_allocacmp_val_910170_load  |   9|          2|   32|         64|
    |indvar_flatten545_fu_48           |   9|          2|   14|         28|
    |val_89537_fu_40                   |   9|          2|    8|         16|
    |val_910170_fu_44                  |   9|          2|   32|         64|
    +----------------------------------+----+-----------+-----+-----------+
    |Total                             | 137|         30|   91|        194|
    +----------------------------------+----+-----------+-----+-----------+

    * Register: 
    +--------------------------------+----+----+-----+-----------+
    |              Name              | FF | LUT| Bits| Const Bits|
    +--------------------------------+----+----+-----+-----------+
    |ap_CS_fsm                       |  13|   0|   13|          0|
    |ap_done_reg                     |   1|   0|    1|          0|
    |ap_enable_reg_pp0_iter0_reg     |   1|   0|    1|          0|
    |ap_enable_reg_pp0_iter1         |   1|   0|    1|          0|
    |exitcond22525586_reg_203        |   1|   0|    1|          0|
    |exitcond_flatten547_reg_184     |   1|   0|    1|          0|
    |ifzero_reg_214                  |   1|   0|    1|          0|
    |indvar_flatten545_fu_48         |  14|   0|   14|          0|
    |indvar_flatten_next546_reg_188  |  14|   0|   14|          0|
    |val_89537_fu_40                 |   8|   0|    8|          0|
    |val_89537_op_reg_198            |   8|   0|    8|          0|
    |val_910170_fu_44                |  32|   0|   32|          0|
    |val_914_reg_208                 |   8|   0|    8|          0|
    |val_s_reg_218                   |  32|   0|   32|          0|
    +--------------------------------+----+----+-----+-----------+
    |Total                           | 135|   0|  135|          0|
    +--------------------------------+----+----+-----+-----------+



================================================================
== Interface
================================================================
* Summary: 
+-----------------------+-----+-----+------------+---------------------+--------------+
|       RTL Ports       | Dir | Bits|  Protocol  |    Source Object    |    C Type    |
+-----------------------+-----+-----+------------+---------------------+--------------+
|ap_clk                 |   in|    1|  ap_ctrl_hs|  forward_Pipeline_28|  return value|
|ap_rst                 |   in|    1|  ap_ctrl_hs|  forward_Pipeline_28|  return value|
|ap_start               |   in|    1|  ap_ctrl_hs|  forward_Pipeline_28|  return value|
|ap_done                |  out|    1|  ap_ctrl_hs|  forward_Pipeline_28|  return value|
|ap_idle                |  out|    1|  ap_ctrl_hs|  forward_Pipeline_28|  return value|
|ap_ready               |  out|    1|  ap_ctrl_hs|  forward_Pipeline_28|  return value|
|grp_fu_622_p_din0      |  out|   32|  ap_ctrl_hs|  forward_Pipeline_28|  return value|
|grp_fu_622_p_din1      |  out|   32|  ap_ctrl_hs|  forward_Pipeline_28|  return value|
|grp_fu_622_p_opcode    |  out|    2|  ap_ctrl_hs|  forward_Pipeline_28|  return value|
|grp_fu_622_p_dout0     |   in|   32|  ap_ctrl_hs|  forward_Pipeline_28|  return value|
|grp_fu_622_p_ce        |  out|    1|  ap_ctrl_hs|  forward_Pipeline_28|  return value|
|val_23                 |   in|   32|     ap_none|               val_23|        scalar|
|arg_20                 |  out|   32|      ap_vld|               arg_20|       pointer|
|arg_20_ap_vld          |  out|    1|      ap_vld|               arg_20|       pointer|
|val_910170_out         |  out|   32|      ap_vld|       val_910170_out|       pointer|
|val_910170_out_ap_vld  |  out|    1|      ap_vld|       val_910170_out|       pointer|
+-----------------------+-----+-----+------------+---------------------+--------------+

