

================================================================
== Vitis HLS Report for 'forward_Pipeline_43'
================================================================
* Date:           Thu Jan  6 20:40:03 2022

* Version:        2021.2 (Build 3367213 on Tue Oct 19 02:47:39 MDT 2021)
* Project:        proj
* Solution:       solution1 (Vivado IP Flow Target)
* Product family: virtexuplus
* Target device:  xcvu35p-fsvh2104-3-e


================================================================
== Performance Estimates
================================================================
+ Timing: 
    * Summary: 
    +--------+---------+----------+------------+
    |  Clock |  Target | Estimated| Uncertainty|
    +--------+---------+----------+------------+
    |ap_clk  |  1.00 ns|  0.648 ns|     0.27 ns|
    +--------+---------+----------+------------+

+ Latency: 
    * Summary: 
    +---------+---------+-----------+-----------+-----+-----+---------+
    |  Latency (cycles) |   Latency (absolute)  |  Interval | Pipeline|
    |   min   |   max   |    min    |    max    | min | max |   Type  |
    +---------+---------+-----------+-----------+-----+-----+---------+
    |       18|       18|  18.000 ns|  18.000 ns|   18|   18|       no|
    +---------+---------+-----------+-----------+-----+-----+---------+

    + Detail: 
        * Instance: 
        N/A

        * Loop: 
        +----------+---------+---------+----------+-----------+-----------+------+----------+
        |          |  Latency (cycles) | Iteration|  Initiation Interval  | Trip |          |
        | Loop Name|   min   |   max   |  Latency |  achieved |   target  | Count| Pipelined|
        +----------+---------+---------+----------+-----------+-----------+------+----------+
        |- Loop 1  |       16|       16|         2|          1|          1|    16|       yes|
        +----------+---------+---------+----------+-----------+-----------+------+----------+



================================================================
== Utilization Estimates
================================================================
* Summary: 
+---------------------+---------+------+---------+--------+-----+
|         Name        | BRAM_18K|  DSP |    FF   |   LUT  | URAM|
+---------------------+---------+------+---------+--------+-----+
|DSP                  |        -|     -|        -|       -|    -|
|Expression           |        -|     -|        0|      24|    -|
|FIFO                 |        -|     -|        -|       -|    -|
|Instance             |        -|     -|        -|       -|    -|
|Memory               |        -|     -|        -|       -|    -|
|Multiplexer          |        -|     -|        -|      41|    -|
|Register             |        -|     -|       13|       -|    -|
+---------------------+---------+------+---------+--------+-----+
|Total                |        0|     0|       13|      65|    0|
+---------------------+---------+------+---------+--------+-----+
|Available SLR        |     1344|  2976|   871680|  435840|  320|
+---------------------+---------+------+---------+--------+-----+
|Utilization SLR (%)  |        0|     0|       ~0|      ~0|    0|
+---------------------+---------+------+---------+--------+-----+
|Available            |     2688|  5952|  1743360|  871680|  640|
+---------------------+---------+------+---------+--------+-----+
|Utilization (%)      |        0|     0|       ~0|      ~0|    0|
+---------------------+---------+------+---------+--------+-----+

+ Detail: 
    * Instance: 
    N/A

    * DSP: 
    N/A

    * Memory: 
    N/A

    * FIFO: 
    N/A

    * Expression: 
    +---------------------------------+----------+----+---+----+------------+------------+
    |          Variable Name          | Operation| DSP| FF| LUT| Bitwidth P0| Bitwidth P1|
    +---------------------------------+----------+----+---+----+------------+------------+
    |indvar_flatten_next574_fu_50_p2  |         +|   0|  0|  12|           5|           1|
    |exitcond_flatten575_fu_44_p2     |      icmp|   0|  0|  10|           5|           6|
    |ap_enable_pp0                    |       xor|   0|  0|   2|           1|           2|
    +---------------------------------+----------+----+---+----+------------+------------+
    |Total                            |          |   0|  0|  24|          11|           9|
    +---------------------------------+----------+----+---+----+------------+------------+

    * Multiplexer: 
    +-----------------------------------------+----+-----------+-----+-----------+
    |                   Name                  | LUT| Input Size| Bits| Total Bits|
    +-----------------------------------------+----+-----------+-----+-----------+
    |ap_done_int                              |   9|          2|    1|          2|
    |ap_enable_reg_pp0_iter1                  |   9|          2|    1|          2|
    |ap_sig_allocacmp_indvar_flatten573_load  |  14|          3|    5|         15|
    |indvar_flatten573_fu_24                  |   9|          2|    5|         10|
    +-----------------------------------------+----+-----------+-----+-----------+
    |Total                                    |  41|          9|   12|         29|
    +-----------------------------------------+----+-----------+-----+-----------+

    * Register: 
    +-------------------------------+---+----+-----+-----------+
    |              Name             | FF| LUT| Bits| Const Bits|
    +-------------------------------+---+----+-----+-----------+
    |ap_CS_fsm                      |  1|   0|    1|          0|
    |ap_done_reg                    |  1|   0|    1|          0|
    |ap_enable_reg_pp0_iter1        |  1|   0|    1|          0|
    |indvar_flatten573_fu_24        |  5|   0|    5|          0|
    |indvar_flatten_next574_reg_70  |  5|   0|    5|          0|
    +-------------------------------+---+----+-----+-----------+
    |Total                          | 13|   0|   13|          0|
    +-------------------------------+---+----+-----+-----------+



================================================================
== Interface
================================================================
* Summary: 
+---------------+-----+-----+------------+---------------------+--------------+
|   RTL Ports   | Dir | Bits|  Protocol  |    Source Object    |    C Type    |
+---------------+-----+-----+------------+---------------------+--------------+
|ap_clk         |   in|    1|  ap_ctrl_hs|  forward_Pipeline_43|  return value|
|ap_rst         |   in|    1|  ap_ctrl_hs|  forward_Pipeline_43|  return value|
|ap_start       |   in|    1|  ap_ctrl_hs|  forward_Pipeline_43|  return value|
|ap_done        |  out|    1|  ap_ctrl_hs|  forward_Pipeline_43|  return value|
|ap_idle        |  out|    1|  ap_ctrl_hs|  forward_Pipeline_43|  return value|
|ap_ready       |  out|    1|  ap_ctrl_hs|  forward_Pipeline_43|  return value|
|arg_33         |  out|   32|      ap_vld|               arg_33|       pointer|
|arg_33_ap_vld  |  out|    1|      ap_vld|               arg_33|       pointer|
+---------------+-----+-----+------------+---------------------+--------------+

