

================================================================
== Vitis HLS Report for 'forward_Pipeline_22'
================================================================
* Date:           Tue Jan  4 08:07:32 2022

* Version:        2021.2 (Build 3367213 on Tue Oct 19 02:47:39 MDT 2021)
* Project:        proj
* Solution:       solution1 (Vivado IP Flow Target)
* Product family: artix7
* Target device:  xc7a12ti-csg325-1L


================================================================
== Performance Estimates
================================================================
+ Timing: 
    * Summary: 
    +--------+---------+----------+------------+
    |  Clock |  Target | Estimated| Uncertainty|
    +--------+---------+----------+------------+
    |ap_clk  |  3.33 ns|  2.134 ns|     0.90 ns|
    +--------+---------+----------+------------+

+ Latency: 
    * Summary: 
    +---------+---------+-----------+-----------+------+------+---------+
    |  Latency (cycles) |   Latency (absolute)  |   Interval  | Pipeline|
    |   min   |   max   |    min    |    max    |  min |  max |   Type  |
    +---------+---------+-----------+-----------+------+------+---------+
    |     5186|     5186|  17.285 us|  17.285 us|  5186|  5186|       no|
    +---------+---------+-----------+-----------+------+------+---------+

    + Detail: 
        * Instance: 
        N/A

        * Loop: 
        +----------+---------+---------+----------+-----------+-----------+------+----------+
        |          |  Latency (cycles) | Iteration|  Initiation Interval  | Trip |          |
        | Loop Name|   min   |   max   |  Latency |  achieved |   target  | Count| Pipelined|
        +----------+---------+---------+----------+-----------+-----------+------+----------+
        |- Loop 1  |     5184|     5184|         2|          1|          1|  5184|       yes|
        +----------+---------+---------+----------+-----------+-----------+------+----------+



================================================================
== Utilization Estimates
================================================================
* Summary: 
+-----------------+---------+----+-------+------+-----+
|       Name      | BRAM_18K| DSP|   FF  |  LUT | URAM|
+-----------------+---------+----+-------+------+-----+
|DSP              |        -|   -|      -|     -|    -|
|Expression       |        -|   -|      0|    34|    -|
|FIFO             |        -|   -|      -|     -|    -|
|Instance         |        -|   -|      -|     -|    -|
|Memory           |        -|   -|      -|     -|    -|
|Multiplexer      |        -|   -|      -|    40|    -|
|Register         |        -|   -|     29|     -|    -|
+-----------------+---------+----+-------+------+-----+
|Total            |        0|   0|     29|    74|    0|
+-----------------+---------+----+-------+------+-----+
|Available        |       40|  40|  16000|  8000|    0|
+-----------------+---------+----+-------+------+-----+
|Utilization (%)  |        0|   0|     ~0|    ~0|    0|
+-----------------+---------+----+-------+------+-----+

+ Detail: 
    * Instance: 
    N/A

    * DSP: 
    N/A

    * Memory: 
    N/A

    * FIFO: 
    N/A

    * Expression: 
    +---------------------------------+----------+----+---+----+------------+------------+
    |          Variable Name          | Operation| DSP| FF| LUT| Bitwidth P0| Bitwidth P1|
    +---------------------------------+----------+----+---+----+------------+------------+
    |indvar_flatten_next517_fu_52_p2  |         +|   0|  0|  20|          13|           1|
    |exitcond_flatten518_fu_46_p2     |      icmp|   0|  0|  12|          13|          13|
    |ap_enable_pp0                    |       xor|   0|  0|   2|           1|           2|
    +---------------------------------+----------+----+---+----+------------+------------+
    |Total                            |          |   0|  0|  34|          27|          16|
    +---------------------------------+----------+----+---+----+------------+------------+

    * Multiplexer: 
    +-----------------------------------------+----+-----------+-----+-----------+
    |                   Name                  | LUT| Input Size| Bits| Total Bits|
    +-----------------------------------------+----+-----------+-----+-----------+
    |ap_done_int                              |   9|          2|    1|          2|
    |ap_enable_reg_pp0_iter1                  |   9|          2|    1|          2|
    |ap_sig_allocacmp_indvar_flatten516_load  |  13|          3|   13|         39|
    |indvar_flatten516_fu_26                  |   9|          2|   13|         26|
    +-----------------------------------------+----+-----------+-----+-----------+
    |Total                                    |  40|          9|   28|         69|
    +-----------------------------------------+----+-----------+-----+-----------+

    * Register: 
    +-------------------------------+----+----+-----+-----------+
    |              Name             | FF | LUT| Bits| Const Bits|
    +-------------------------------+----+----+-----+-----------+
    |ap_CS_fsm                      |   1|   0|    1|          0|
    |ap_done_reg                    |   1|   0|    1|          0|
    |ap_enable_reg_pp0_iter1        |   1|   0|    1|          0|
    |indvar_flatten516_fu_26        |  13|   0|   13|          0|
    |indvar_flatten_next517_reg_72  |  13|   0|   13|          0|
    +-------------------------------+----+----+-----+-----------+
    |Total                          |  29|   0|   29|          0|
    +-------------------------------+----+----+-----+-----------+



================================================================
== Interface
================================================================
* Summary: 
+--------------+-----+-----+------------+---------------------+--------------+
|   RTL Ports  | Dir | Bits|  Protocol  |    Source Object    |    C Type    |
+--------------+-----+-----+------------+---------------------+--------------+
|ap_clk        |   in|    1|  ap_ctrl_hs|  forward_Pipeline_22|  return value|
|ap_rst        |   in|    1|  ap_ctrl_hs|  forward_Pipeline_22|  return value|
|ap_start      |   in|    1|  ap_ctrl_hs|  forward_Pipeline_22|  return value|
|ap_done       |  out|    1|  ap_ctrl_hs|  forward_Pipeline_22|  return value|
|ap_idle       |  out|    1|  ap_ctrl_hs|  forward_Pipeline_22|  return value|
|ap_ready      |  out|    1|  ap_ctrl_hs|  forward_Pipeline_22|  return value|
|arg_3         |  out|    8|      ap_vld|                arg_3|       pointer|
|arg_3_ap_vld  |  out|    1|      ap_vld|                arg_3|       pointer|
+--------------+-----+-----+------------+---------------------+--------------+

