

================================================================
== Vitis HLS Report for 'forward_Pipeline_36'
================================================================
* Date:           Thu Jan  6 20:40:02 2022

* Version:        2021.2 (Build 3367213 on Tue Oct 19 02:47:39 MDT 2021)
* Project:        proj
* Solution:       solution1 (Vivado IP Flow Target)
* Product family: virtexuplus
* Target device:  xcvu35p-fsvh2104-3-e


================================================================
== Performance Estimates
================================================================
+ Timing: 
    * Summary: 
    +--------+---------+----------+------------+
    |  Clock |  Target | Estimated| Uncertainty|
    +--------+---------+----------+------------+
    |ap_clk  |  1.00 ns|  1.468 ns|     0.27 ns|
    +--------+---------+----------+------------+

+ Latency: 
    * Summary: 
    +---------+---------+----------+----------+------+------+---------+
    |  Latency (cycles) |  Latency (absolute) |   Interval  | Pipeline|
    |   min   |   max   |    min   |    max   |  min |  max |   Type  |
    +---------+---------+----------+----------+------+------+---------+
    |     6673|     6673|  9.796 us|  9.796 us|  6673|  6673|       no|
    +---------+---------+----------+----------+------+------+---------+

    + Detail: 
        * Instance: 
        N/A

        * Loop: 
        +----------+---------+---------+----------+-----------+-----------+------+----------+
        |          |  Latency (cycles) | Iteration|  Initiation Interval  | Trip |          |
        | Loop Name|   min   |   max   |  Latency |  achieved |   target  | Count| Pipelined|
        +----------+---------+---------+----------+-----------+-----------+------+----------+
        |- Loop 1  |     6672|     6672|       417|          -|          -|    16|        no|
        +----------+---------+---------+----------+-----------+-----------+------+----------+



================================================================
== Utilization Estimates
================================================================
* Summary: 
+---------------------+---------+------+---------+--------+-----+
|         Name        | BRAM_18K|  DSP |    FF   |   LUT  | URAM|
+---------------------+---------+------+---------+--------+-----+
|DSP                  |        -|     -|        -|       -|    -|
|Expression           |        -|     -|        0|      22|    -|
|FIFO                 |        -|     -|        -|       -|    -|
|Instance             |        -|     -|        -|       -|    -|
|Memory               |        -|     -|        -|       -|    -|
|Multiplexer          |        -|     -|        -|    2241|    -|
|Register             |        -|     -|      492|       -|    -|
+---------------------+---------+------+---------+--------+-----+
|Total                |        0|     0|      492|    2263|    0|
+---------------------+---------+------+---------+--------+-----+
|Available SLR        |     1344|  2976|   871680|  435840|  320|
+---------------------+---------+------+---------+--------+-----+
|Utilization SLR (%)  |        0|     0|       ~0|      ~0|    0|
+---------------------+---------+------+---------+--------+-----+
|Available            |     2688|  5952|  1743360|  871680|  640|
+---------------------+---------+------+---------+--------+-----+
|Utilization (%)      |        0|     0|       ~0|      ~0|    0|
+---------------------+---------+------+---------+--------+-----+

+ Detail: 
    * Instance: 
    N/A

    * DSP: 
    N/A

    * Memory: 
    N/A

    * FIFO: 
    N/A

    * Expression: 
    +------------------------+----------+----+---+----+------------+------------+
    |      Variable Name     | Operation| DSP| FF| LUT| Bitwidth P0| Bitwidth P1|
    +------------------------+----------+----+---+----+------------+------------+
    |val_1051_fu_95_p2       |         +|   0|  0|  12|           5|           1|
    |exitcond21414_fu_89_p2  |      icmp|   0|  0|  10|           5|           6|
    +------------------------+----------+----+---+----+------------+------------+
    |Total                   |          |   0|  0|  22|          10|           7|
    +------------------------+----------+----+---+----+------------+------------+

    * Multiplexer: 
    +------------------+------+-----------+-----+-----------+
    |       Name       |  LUT | Input Size| Bits| Total Bits|
    +------------------+------+-----------+-----+-----------+
    |ap_NS_fsm         |  2209|        419|    1|        419|
    |empty_fu_38       |     9|          2|   32|         64|
    |grp_fu_62_p0      |    14|          3|   32|         96|
    |val_102920_fu_34  |     9|          2|    5|         10|
    +------------------+------+-----------+-----+-----------+
    |Total             |  2241|        426|   70|        589|
    +------------------+------+-----------+-----+-----------+

    * Register: 
    +------------------+-----+----+-----+-----------+
    |       Name       |  FF | LUT| Bits| Const Bits|
    +------------------+-----+----+-----+-----------+
    |ap_CS_fsm         |  418|   0|  418|          0|
    |empty_fu_38       |   32|   0|   32|          0|
    |reg_71            |   32|   0|   32|          0|
    |val_102920_fu_34  |    5|   0|    5|          0|
    |val_1051_reg_137  |    5|   0|    5|          0|
    +------------------+-----+----+-----+-----------+
    |Total             |  492|   0|  492|          0|
    +------------------+-----+----+-----+-----------+



================================================================
== Interface
================================================================
* Summary: 
+---------------------+-----+-----+------------+---------------------+--------------+
|      RTL Ports      | Dir | Bits|  Protocol  |    Source Object    |    C Type    |
+---------------------+-----+-----+------------+---------------------+--------------+
|ap_clk               |   in|    1|  ap_ctrl_hs|  forward_Pipeline_36|  return value|
|ap_rst               |   in|    1|  ap_ctrl_hs|  forward_Pipeline_36|  return value|
|ap_start             |   in|    1|  ap_ctrl_hs|  forward_Pipeline_36|  return value|
|ap_done              |  out|    1|  ap_ctrl_hs|  forward_Pipeline_36|  return value|
|ap_idle              |  out|    1|  ap_ctrl_hs|  forward_Pipeline_36|  return value|
|ap_ready             |  out|    1|  ap_ctrl_hs|  forward_Pipeline_36|  return value|
|grp_fu_622_p_din0    |  out|   32|  ap_ctrl_hs|  forward_Pipeline_36|  return value|
|grp_fu_622_p_din1    |  out|   32|  ap_ctrl_hs|  forward_Pipeline_36|  return value|
|grp_fu_622_p_opcode  |  out|    2|  ap_ctrl_hs|  forward_Pipeline_36|  return value|
|grp_fu_622_p_dout0   |   in|   32|  ap_ctrl_hs|  forward_Pipeline_36|  return value|
|grp_fu_622_p_ce      |  out|    1|  ap_ctrl_hs|  forward_Pipeline_36|  return value|
|val_31               |   in|   32|     ap_none|               val_31|        scalar|
|arg_26               |  out|   32|      ap_vld|               arg_26|       pointer|
|arg_26_ap_vld        |  out|    1|      ap_vld|               arg_26|       pointer|
|p_out                |  out|   32|      ap_vld|                p_out|       pointer|
|p_out_ap_vld         |  out|    1|      ap_vld|                p_out|       pointer|
+---------------------+-----+-----+------------+---------------------+--------------+

